<?xml version="1.0" encoding="UTF-8"?>
<!-- Generated by org.testng.reporters.JUnitXMLReporter -->
<testsuite hostname="DESKTOP-75VQA62" ignored="0" name="Test" tests="13" failures="5" timestamp="2021-12-19T09:55:49 IST" time="110.204" errors="0">
  <testcase name="getgoldColour" time="6.491" classname="AutomationAssignment.QTRecognition.LoginPage">
    <failure type="java.lang.AssertionError" message="expected [#FECC160] but found [#FDCC16]">
      <![CDATA[java.lang.AssertionError: expected [#FECC160] but found [#FDCC16]
at AutomationAssignment.QTRecognition.LoginPage.getgoldColour(LoginPage.java:60)
at java.util.ArrayList.forEach(ArrayList.java:1259)
... Removed 33 stack frames]]>
    </failure>
  </testcase> <!-- getgoldColour -->
  <testcase name="getnavyColour" time="8.288" classname="AutomationAssignment.QTRecognition.LoginPage"/>
  <testcase name="getwhiteColour" time="3.039" classname="AutomationAssignment.QTRecognition.LoginPage">
    <failure type="java.lang.AssertionError" message="expected [#939598] but found [#FFFFFF]">
      <![CDATA[java.lang.AssertionError: expected [#939598] but found [#FFFFFF]
at AutomationAssignment.QTRecognition.LoginPage.getwhiteColour(LoginPage.java:81)
at java.util.ArrayList.forEach(ArrayList.java:1259)
... Removed 33 stack frames]]>
    </failure>
  </testcase> <!-- getwhiteColour -->
  <testcase name="invalidLogin" time="5.442" classname="AutomationAssignment.QTRecognition.LoginPage"/>
  <testcase name="titleName" time="3.972" classname="AutomationAssignment.QTRecognition.LoginPage"/>
  <testcase name="validLogin" time="7.469" classname="AutomationAssignment.QTRecognition.LoginPage"/>
  <testcase name="recentPage" time="9.644" classname="AutomationAssignment.QTRecognition.RecentContactsPage"/>
  <testcase name="kudosSearch1" time="8.988" classname="AutomationAssignment.QTRecognition.KudosSearchPage"/>
  <testcase name="kudosSearch2" time="10.874" classname="AutomationAssignment.QTRecognition.KudosSearchPage"/>
  <testcase name="activityPageImage" time="6.749" classname="AutomationAssignment.QTRecognition.HomePage">
    <failure type="java.lang.AssertionError" message="expected [true] but found [false]">
      <![CDATA[java.lang.AssertionError: expected [true] but found [false]
at AutomationAssignment.QTRecognition.HomePage.activityPageImage(HomePage.java:44)
at java.util.ArrayList.forEach(ArrayList.java:1259)
... Removed 31 stack frames]]>
    </failure>
  </testcase> <!-- activityPageImage -->
  <testcase name="validLogin" time="7.799" classname="AutomationAssignment.QTRecognition.HomePage">
    <failure type="java.lang.AssertionError" message="expected [Madhu Sudhan R] but found [Madhu Sudhan M]">
      <![CDATA[java.lang.AssertionError: expected [Madhu Sudhan R] but found [Madhu Sudhan M]
at AutomationAssignment.QTRecognition.HomePage.validLogin(HomePage.java:34)
at java.util.ArrayList.forEach(ArrayList.java:1259)
... Removed 33 stack frames]]>
    </failure>
  </testcase> <!-- validLogin -->
  <testcase name="invalidSendKudos" time="14.761" classname="AutomationAssignment.QTRecognition.SearchKudosPage"/>
  <testcase name="validSendKudos" time="16.561" classname="AutomationAssignment.QTRecognition.SearchKudosPage">
    <failure type="java.lang.AssertionError" message="expected [true] but found [false]">
      <![CDATA[java.lang.AssertionError: expected [true] but found [false]
at AutomationAssignment.QTRecognition.SearchKudosPage.validSendKudos(SearchKudosPage.java:38)
at java.util.ArrayList.forEach(ArrayList.java:1259)
... Removed 31 stack frames]]>
    </failure>
  </testcase> <!-- validSendKudos -->
</testsuite> <!-- Test -->
